Determining if the pthread_create exist failed with the following output:
Change Dir: /home/ashishk/workspace/build/CMakeFiles/CMakeTmp

Run Build Command:/usr/bin/make "cmTryCompileExec3752030865/fast"
/usr/bin/make -f CMakeFiles/cmTryCompileExec3752030865.dir/build.make CMakeFiles/cmTryCompileExec3752030865.dir/build
make[1]: Entering directory `/home/ashishk/workspace/build/CMakeFiles/CMakeTmp'
/usr/bin/cmake -E cmake_progress_report /home/ashishk/workspace/build/CMakeFiles/CMakeTmp/CMakeFiles 1
Building C object CMakeFiles/cmTryCompileExec3752030865.dir/CheckSymbolExists.c.o
/usr/bin/cc    -o CMakeFiles/cmTryCompileExec3752030865.dir/CheckSymbolExists.c.o   -c /home/ashishk/workspace/build/CMakeFiles/CMakeTmp/CheckSymbolExists.c
Linking C executable cmTryCompileExec3752030865
/usr/bin/cmake -E cmake_link_script CMakeFiles/cmTryCompileExec3752030865.dir/link.txt --verbose=1
/usr/bin/cc       CMakeFiles/cmTryCompileExec3752030865.dir/CheckSymbolExists.c.o  -o cmTryCompileExec3752030865 -rdynamic 
CMakeFiles/cmTryCompileExec3752030865.dir/CheckSymbolExists.c.o: In function `main':
CheckSymbolExists.c:(.text+0x16): undefined reference to `pthread_create'
collect2: error: ld returned 1 exit status
make[1]: Leaving directory `/home/ashishk/workspace/build/CMakeFiles/CMakeTmp'
make[1]: *** [cmTryCompileExec3752030865] Error 1
make: *** [cmTryCompileExec3752030865/fast] Error 2

File /home/ashishk/workspace/build/CMakeFiles/CMakeTmp/CheckSymbolExists.c:
/* */
#include <pthread.h>

int main(int argc, char** argv)
{
  (void)argv;
#ifndef pthread_create
  return ((int*)(&pthread_create))[argc];
#else
  (void)argc;
  return 0;
#endif
}

Determining if the function pthread_create exists in the pthreads failed with the following output:
Change Dir: /home/ashishk/workspace/build/CMakeFiles/CMakeTmp

Run Build Command:/usr/bin/make "cmTryCompileExec1950257302/fast"
/usr/bin/make -f CMakeFiles/cmTryCompileExec1950257302.dir/build.make CMakeFiles/cmTryCompileExec1950257302.dir/build
make[1]: Entering directory `/home/ashishk/workspace/build/CMakeFiles/CMakeTmp'
/usr/bin/cmake -E cmake_progress_report /home/ashishk/workspace/build/CMakeFiles/CMakeTmp/CMakeFiles 1
Building C object CMakeFiles/cmTryCompileExec1950257302.dir/CheckFunctionExists.c.o
/usr/bin/cc   -DCHECK_FUNCTION_EXISTS=pthread_create   -o CMakeFiles/cmTryCompileExec1950257302.dir/CheckFunctionExists.c.o   -c /usr/share/cmake-2.8/Modules/CheckFunctionExists.c
Linking C executable cmTryCompileExec1950257302
/usr/bin/cmake -E cmake_link_script CMakeFiles/cmTryCompileExec1950257302.dir/link.txt --verbose=1
/usr/bin/cc   -DCHECK_FUNCTION_EXISTS=pthread_create    CMakeFiles/cmTryCompileExec1950257302.dir/CheckFunctionExists.c.o  -o cmTryCompileExec1950257302 -rdynamic -lpthreads 
/usr/bin/ld: cannot find -lpthreads
collect2: error: ld returned 1 exit status
make[1]: Leaving directory `/home/ashishk/workspace/build/CMakeFiles/CMakeTmp'
make[1]: *** [cmTryCompileExec1950257302] Error 1
make: *** [cmTryCompileExec1950257302/fast] Error 2


